<?xml version="1.0" encoding="UTF-8"?>
<testsuites>
  <testsuite name="Unit-Tests" tests="48" assertions="56" failures="0" errors="0" time="0.337040">
    <testsuite name="Multoo\Shipping\AbstractContactTest" file="C:\NetBeans\Packages\Shipping\trunk\test\src\AbstractContactTest.php" namespace="Multoo\Shipping" fullPackage="Multoo.Shipping" tests="9" assertions="9" failures="0" errors="0" time="0.053005">
      <testcase name="testSetId" class="Multoo\Shipping\AbstractContactTest" file="C:\NetBeans\Packages\Shipping\trunk\test\src\AbstractContactTest.php" line="37" assertions="1" time="0.023003"/>
      <testcase name="testSetCompanyName" class="Multoo\Shipping\AbstractContactTest" file="C:\NetBeans\Packages\Shipping\trunk\test\src\AbstractContactTest.php" line="47" assertions="1" time="0.003001"/>
      <testcase name="testSetContactName" class="Multoo\Shipping\AbstractContactTest" file="C:\NetBeans\Packages\Shipping\trunk\test\src\AbstractContactTest.php" line="57" assertions="1" time="0.004000"/>
      <testcase name="testSetAddress" class="Multoo\Shipping\AbstractContactTest" file="C:\NetBeans\Packages\Shipping\trunk\test\src\AbstractContactTest.php" line="67" assertions="1" time="0.004000"/>
      <testcase name="testSetCityName" class="Multoo\Shipping\AbstractContactTest" file="C:\NetBeans\Packages\Shipping\trunk\test\src\AbstractContactTest.php" line="77" assertions="1" time="0.004000"/>
      <testcase name="testSetZipCode" class="Multoo\Shipping\AbstractContactTest" file="C:\NetBeans\Packages\Shipping\trunk\test\src\AbstractContactTest.php" line="87" assertions="1" time="0.003001"/>
      <testcase name="testSetIsoCountryCode" class="Multoo\Shipping\AbstractContactTest" file="C:\NetBeans\Packages\Shipping\trunk\test\src\AbstractContactTest.php" line="97" assertions="1" time="0.004000"/>
      <testcase name="testSetPhone" class="Multoo\Shipping\AbstractContactTest" file="C:\NetBeans\Packages\Shipping\trunk\test\src\AbstractContactTest.php" line="107" assertions="1" time="0.004000"/>
      <testcase name="testSetEmail" class="Multoo\Shipping\AbstractContactTest" file="C:\NetBeans\Packages\Shipping\trunk\test\src\AbstractContactTest.php" line="117" assertions="1" time="0.004000"/>
    </testsuite>
    <testsuite name="Multoo\Shipping\BatchTest" file="C:\NetBeans\Packages\Shipping\trunk\test\src\BatchTest.php" namespace="Multoo\Shipping" fullPackage="Multoo.Shipping" tests="5" assertions="7" failures="0" errors="0" time="0.081009">
      <testcase name="testSetShipper" class="Multoo\Shipping\BatchTest" file="C:\NetBeans\Packages\Shipping\trunk\test\src\BatchTest.php" line="36" assertions="1" time="0.024003"/>
      <testcase name="testGetShipper" class="Multoo\Shipping\BatchTest" file="C:\NetBeans\Packages\Shipping\trunk\test\src\BatchTest.php" line="46" assertions="1" time="0.004000"/>
      <testcase name="testAddShipment" class="Multoo\Shipping\BatchTest" file="C:\NetBeans\Packages\Shipping\trunk\test\src\BatchTest.php" line="61" assertions="1" time="0.023002"/>
      <testcase name="testGetShipments" class="Multoo\Shipping\BatchTest" file="C:\NetBeans\Packages\Shipping\trunk\test\src\BatchTest.php" line="71" assertions="1" time="0.004001"/>
      <testcase name="testBuild" class="Multoo\Shipping\BatchTest" file="C:\NetBeans\Packages\Shipping\trunk\test\src\BatchTest.php" line="86" assertions="3" time="0.026003"/>
    </testsuite>
    <testsuite name="Multoo\Shipping\NotificationTest" file="C:\NetBeans\Packages\Shipping\trunk\test\src\NotificationTest.php" namespace="Multoo\Shipping" fullPackage="Multoo.Shipping" tests="8" assertions="8" failures="0" errors="0" time="0.024003">
      <testcase name="testSetCompanyOrName" class="Multoo\Shipping\NotificationTest" file="C:\NetBeans\Packages\Shipping\trunk\test\src\NotificationTest.php" line="37" assertions="1" time="0.003000"/>
      <testcase name="testSetContactName" class="Multoo\Shipping\NotificationTest" file="C:\NetBeans\Packages\Shipping\trunk\test\src\NotificationTest.php" line="47" assertions="1" time="0.003001"/>
      <testcase name="testSetEmail" class="Multoo\Shipping\NotificationTest" file="C:\NetBeans\Packages\Shipping\trunk\test\src\NotificationTest.php" line="57" assertions="1" time="0.003000"/>
      <testcase name="testSetInTransit" class="Multoo\Shipping\NotificationTest" file="C:\NetBeans\Packages\Shipping\trunk\test\src\NotificationTest.php" line="67" assertions="1" time="0.003001"/>
      <testcase name="testSetShipOrReturn" class="Multoo\Shipping\NotificationTest" file="C:\NetBeans\Packages\Shipping\trunk\test\src\NotificationTest.php" line="77" assertions="1" time="0.003000"/>
      <testcase name="testSetException" class="Multoo\Shipping\NotificationTest" file="C:\NetBeans\Packages\Shipping\trunk\test\src\NotificationTest.php" line="87" assertions="1" time="0.003000"/>
      <testcase name="testSetDelivery" class="Multoo\Shipping\NotificationTest" file="C:\NetBeans\Packages\Shipping\trunk\test\src\NotificationTest.php" line="97" assertions="1" time="0.003001"/>
      <testcase name="testSetLabelCreation" class="Multoo\Shipping\NotificationTest" file="C:\NetBeans\Packages\Shipping\trunk\test\src\NotificationTest.php" line="107" assertions="1" time="0.003000"/>
    </testsuite>
    <testsuite name="Multoo\Shipping\PackageTest" file="C:\NetBeans\Packages\Shipping\trunk\test\src\PackageTest.php" namespace="Multoo\Shipping" fullPackage="Multoo.Shipping" tests="6" assertions="6" failures="0" errors="0" time="0.018003">
      <testcase name="testSetWeight" class="Multoo\Shipping\PackageTest" file="C:\NetBeans\Packages\Shipping\trunk\test\src\PackageTest.php" line="37" assertions="1" time="0.003001"/>
      <testcase name="testSetReference1" class="Multoo\Shipping\PackageTest" file="C:\NetBeans\Packages\Shipping\trunk\test\src\PackageTest.php" line="47" assertions="1" time="0.003000"/>
      <testcase name="testSetReference2" class="Multoo\Shipping\PackageTest" file="C:\NetBeans\Packages\Shipping\trunk\test\src\PackageTest.php" line="57" assertions="1" time="0.003000"/>
      <testcase name="testSetReference3" class="Multoo\Shipping\PackageTest" file="C:\NetBeans\Packages\Shipping\trunk\test\src\PackageTest.php" line="67" assertions="1" time="0.003001"/>
      <testcase name="testSetReference4" class="Multoo\Shipping\PackageTest" file="C:\NetBeans\Packages\Shipping\trunk\test\src\PackageTest.php" line="77" assertions="1" time="0.003000"/>
      <testcase name="testSetReference5" class="Multoo\Shipping\PackageTest" file="C:\NetBeans\Packages\Shipping\trunk\test\src\PackageTest.php" line="87" assertions="1" time="0.003001"/>
    </testsuite>
    <testsuite name="Multoo\Shipping\Provider\DhlTest" file="C:\NetBeans\Packages\Shipping\trunk\test\src\Provider\DhlTest.php" namespace="Multoo\Shipping\Provider" fullPackage="Multoo.Shipping.Provider" tests="5" assertions="9" failures="0" errors="0" time="0.035003">
      <testcase name="testBuild" class="Multoo\Shipping\Provider\DhlTest" file="C:\NetBeans\Packages\Shipping\trunk\test\src\Provider\DhlTest.php" line="33" assertions="1" time="0.008001"/>
      <testcase name="testBuildMultiDepartureNotificationsException" class="Multoo\Shipping\Provider\DhlTest" file="C:\NetBeans\Packages\Shipping\trunk\test\src\Provider\DhlTest.php" line="60" assertions="2" time="0.008000"/>
      <testcase name="testBuildMultiReturnNotificationsException" class="Multoo\Shipping\Provider\DhlTest" file="C:\NetBeans\Packages\Shipping\trunk\test\src\Provider\DhlTest.php" line="75" assertions="2" time="0.006001"/>
      <testcase name="testBuildDepartureNotificationWrongTypeException" class="Multoo\Shipping\Provider\DhlTest" file="C:\NetBeans\Packages\Shipping\trunk\test\src\Provider\DhlTest.php" line="90" assertions="2" time="0.006001"/>
      <testcase name="testBuildReturnNotificationWrongTypeException" class="Multoo\Shipping\Provider\DhlTest" file="C:\NetBeans\Packages\Shipping\trunk\test\src\Provider\DhlTest.php" line="111" assertions="2" time="0.007000"/>
    </testsuite>
    <testsuite name="Multoo\Shipping\Provider\ProviderFactoryTest" file="C:\NetBeans\Packages\Shipping\trunk\test\src\Provider\ProviderFactoryTest.php" namespace="Multoo\Shipping\Provider" fullPackage="Multoo.Shipping.Provider" tests="1" assertions="2" failures="0" errors="0" time="0.026003">
      <testcase name="testCreate" class="Multoo\Shipping\Provider\ProviderFactoryTest" file="C:\NetBeans\Packages\Shipping\trunk\test\src\Provider\ProviderFactoryTest.php" line="36" assertions="2" time="0.026003"/>
    </testsuite>
    <testsuite name="Multoo\Shipping\Provider\UpsTest" file="C:\NetBeans\Packages\Shipping\trunk\test\src\Provider\UpsTest.php" namespace="Multoo\Shipping\Provider" fullPackage="Multoo.Shipping.Provider" tests="1" assertions="1" failures="0" errors="0" time="0.012002">
      <testcase name="testBuild" class="Multoo\Shipping\Provider\UpsTest" file="C:\NetBeans\Packages\Shipping\trunk\test\src\Provider\UpsTest.php" line="40" assertions="1" time="0.012002"/>
    </testsuite>
    <testsuite name="Multoo\Shipping\ShipmentTest" file="C:\NetBeans\Packages\Shipping\trunk\test\src\ShipmentTest.php" namespace="Multoo\Shipping" fullPackage="Multoo.Shipping" tests="11" assertions="11" failures="0" errors="0" time="0.078009">
      <testcase name="testSetReceiver" class="Multoo\Shipping\ShipmentTest" file="C:\NetBeans\Packages\Shipping\trunk\test\src\ShipmentTest.php" line="29" assertions="1" time="0.017002"/>
      <testcase name="testGetReceiver" class="Multoo\Shipping\ShipmentTest" file="C:\NetBeans\Packages\Shipping\trunk\test\src\ShipmentTest.php" line="39" assertions="1" time="0.003000"/>
      <testcase name="testAddPackage" class="Multoo\Shipping\ShipmentTest" file="C:\NetBeans\Packages\Shipping\trunk\test\src\ShipmentTest.php" line="54" assertions="1" time="0.014002"/>
      <testcase name="testGetPackages" class="Multoo\Shipping\ShipmentTest" file="C:\NetBeans\Packages\Shipping\trunk\test\src\ShipmentTest.php" line="64" assertions="1" time="0.004000"/>
      <testcase name="testCountPackages" class="Multoo\Shipping\ShipmentTest" file="C:\NetBeans\Packages\Shipping\trunk\test\src\ShipmentTest.php" line="79" assertions="1" time="0.003000"/>
      <testcase name="testAddReturnDepartureNotification" class="Multoo\Shipping\ShipmentTest" file="C:\NetBeans\Packages\Shipping\trunk\test\src\ShipmentTest.php" line="93" assertions="1" time="0.017002"/>
      <testcase name="testGetDepartureNotifications" class="Multoo\Shipping\ShipmentTest" file="C:\NetBeans\Packages\Shipping\trunk\test\src\ShipmentTest.php" line="103" assertions="1" time="0.004001"/>
      <testcase name="testCountDepartureNotifications" class="Multoo\Shipping\ShipmentTest" file="C:\NetBeans\Packages\Shipping\trunk\test\src\ShipmentTest.php" line="118" assertions="1" time="0.004000"/>
      <testcase name="testAddReturnReturnNotification" class="Multoo\Shipping\ShipmentTest" file="C:\NetBeans\Packages\Shipping\trunk\test\src\ShipmentTest.php" line="131" assertions="1" time="0.004001"/>
      <testcase name="testGetReturnNotifications" class="Multoo\Shipping\ShipmentTest" file="C:\NetBeans\Packages\Shipping\trunk\test\src\ShipmentTest.php" line="141" assertions="1" time="0.004001"/>
      <testcase name="testCountReturnNotifications" class="Multoo\Shipping\ShipmentTest" file="C:\NetBeans\Packages\Shipping\trunk\test\src\ShipmentTest.php" line="156" assertions="1" time="0.004000"/>
    </testsuite>
    <testsuite name="Multoo\Shipping\ShipperTest" file="C:\NetBeans\Packages\Shipping\trunk\test\src\ShipperTest.php" namespace="Multoo\Shipping" fullPackage="Multoo.Shipping" tests="1" assertions="1" failures="0" errors="0" time="0.003001">
      <testcase name="testSetIata" class="Multoo\Shipping\ShipperTest" file="C:\NetBeans\Packages\Shipping\trunk\test\src\ShipperTest.php" line="37" assertions="1" time="0.003001"/>
    </testsuite>
    <testsuite name="Multoo\Shipping\ShippingFactoryTest" file="C:\NetBeans\Packages\Shipping\trunk\test\src\ShippingFactoryTest.php" namespace="Multoo\Shipping" fullPackage="Multoo.Shipping" tests="1" assertions="2" failures="0" errors="0" time="0.007001">
      <testcase name="testCreate" class="Multoo\Shipping\ShippingFactoryTest" file="C:\NetBeans\Packages\Shipping\trunk\test\src\ShippingFactoryTest.php" line="36" assertions="2" time="0.007001"/>
    </testsuite>
  </testsuite>
</testsuites>
